<?xml version="1.0" encoding="UTF-8"?>
<testng-results total="1" passed="1" failed="0" skipped="0">
  <reporter-output>
  </reporter-output>
  <suite started-at="2024-03-18T09:01:41Z" name="Default suite" finished-at="2024-03-18T09:01:41Z" duration-ms="23">
    <groups>
    </groups>
    <test started-at="2024-03-18T09:01:41Z" name="Default test" finished-at="2024-03-18T09:01:41Z" duration-ms="23">
      <class name="Test1">
        <test-method signature="testeasy()[pri:0, instance:Test1@503f91c3]" started-at="2024-03-18T14:31:41Z" name="testeasy" finished-at="2024-03-18T14:31:41Z" duration-ms="12" status="PASS">
          <reporter-output>
          </reporter-output>
        </test-method> <!-- testeasy -->
      </class> <!-- Test1 -->
    </test> <!-- Default test -->
  </suite> <!-- Default suite -->
</testng-results>
